<?xml version="1.0" encoding="UTF-8"?>
<coverage generated="1783073026935" clover="3.2.0">
  <project timestamp="1783073026935" name="All files">
    <metrics statements="90" coveredstatements="72" conditionals="52" coveredconditionals="40" methods="50" coveredmethods="36" elements="192" coveredelements="148" complexity="0" loc="90" ncloc="90" packages="3" files="6" classes="6"/>
    <package name="components">
      <metrics statements="15" coveredstatements="0" conditionals="6" coveredconditionals="0" methods="11" coveredmethods="0"/>
      <file name="footer.tsx" path="/Users/macbook/algo-trader/dashboard/src/components/footer.tsx">
        <metrics statements="1" coveredstatements="0" conditionals="0" coveredconditionals="0" methods="1" coveredmethods="0"/>
        <line num="8" count="0" type="stmt"/>
      </file>
      <file name="public-navbar.tsx" path="/Users/macbook/algo-trader/dashboard/src/components/public-navbar.tsx">
        <metrics statements="14" coveredstatements="0" conditionals="6" coveredconditionals="0" methods="10" coveredmethods="0"/>
        <line num="10" count="0" type="stmt"/>
        <line num="11" count="0" type="stmt"/>
        <line num="13" count="0" type="stmt"/>
        <line num="14" count="0" type="stmt"/>
        <line num="15" count="0" type="stmt"/>
        <line num="16" count="0" type="stmt"/>
        <line num="19" count="0" type="stmt"/>
        <line num="20" count="0" type="stmt"/>
        <line num="22" count="0" type="stmt"/>
        <line num="40" count="0" type="stmt"/>
        <line num="49" count="0" type="stmt"/>
        <line num="50" count="0" type="stmt"/>
        <line num="51" count="0" type="stmt"/>
        <line num="52" count="0" type="stmt"/>
      </file>
    </package>
    <package name="lib">
      <metrics statements="3" coveredstatements="2" conditionals="2" coveredconditionals="0" methods="1" coveredmethods="0"/>
      <file name="enterprise-plans.ts" path="/Users/macbook/algo-trader/dashboard/src/lib/enterprise-plans.ts">
        <metrics statements="1" coveredstatements="1" conditionals="0" coveredconditionals="0" methods="0" coveredmethods="0"/>
        <line num="18" count="2" type="stmt"/>
      </file>
      <file name="tier-config.ts" path="/Users/macbook/algo-trader/dashboard/src/lib/tier-config.ts">
        <metrics statements="2" coveredstatements="1" conditionals="2" coveredconditionals="0" methods="1" coveredmethods="0"/>
        <line num="15" count="1" type="stmt"/>
        <line num="38" count="0" type="cond" truecount="0" falsecount="2"/>
      </file>
    </package>
    <package name="pages">
      <metrics statements="72" coveredstatements="70" conditionals="44" coveredconditionals="40" methods="38" coveredmethods="36"/>
      <file name="enterprise-page.tsx" path="/Users/macbook/algo-trader/dashboard/src/pages/enterprise-page.tsx">
        <metrics statements="53" coveredstatements="51" conditionals="30" coveredconditionals="27" methods="27" coveredmethods="25"/>
        <line num="25" count="2" type="stmt"/>
        <line num="26" count="2" type="stmt"/>
        <line num="32" count="206" type="stmt"/>
        <line num="33" count="206" type="stmt"/>
        <line num="34" count="206" type="stmt"/>
        <line num="48" count="500" type="stmt"/>
        <line num="66" count="75" type="stmt"/>
        <line num="88" count="500" type="stmt"/>
        <line num="96" count="1" type="stmt"/>
        <line num="109" count="2" type="stmt"/>
        <line num="129" count="25" type="stmt"/>
        <line num="153" count="75" type="stmt"/>
        <line num="184" count="100" type="stmt"/>
        <line num="197" count="2" type="stmt"/>
        <line num="200" count="255" type="stmt"/>
        <line num="209" count="55" type="stmt"/>
        <line num="217" count="55" type="stmt"/>
        <line num="218" count="55" type="stmt"/>
        <line num="221" count="28" type="stmt"/>
        <line num="224" count="55" type="stmt"/>
        <line num="225" count="7" type="stmt"/>
        <line num="226" count="7" type="stmt"/>
        <line num="227" count="7" type="stmt"/>
        <line num="229" count="7" type="stmt"/>
        <line num="230" count="7" type="stmt"/>
        <line num="243" count="5" type="cond" truecount="2" falsecount="0"/>
        <line num="244" count="1" type="stmt"/>
        <line num="245" count="1" type="cond" truecount="1" falsecount="1"/>
        <line num="248" count="4" type="stmt"/>
        <line num="250" count="2" type="cond" truecount="1" falsecount="1"/>
        <line num="251" count="2" type="stmt"/>
        <line num="255" count="55" type="cond" truecount="2" falsecount="0"/>
        <line num="256" count="4" type="stmt"/>
        <line num="278" count="16" type="stmt"/>
        <line num="321" count="51" type="stmt"/>
        <line num="338" count="7" type="stmt"/>
        <line num="344" count="153" type="stmt"/>
        <line num="347" count="0" type="stmt"/>
        <line num="365" count="7" type="stmt"/>
        <line num="374" count="7" type="stmt"/>
        <line num="383" count="7" type="stmt"/>
        <line num="392" count="0" type="stmt"/>
        <line num="396" count="255" type="stmt"/>
        <line num="403" count="7" type="stmt"/>
        <line num="433" count="2" type="stmt"/>
        <line num="453" count="39" type="stmt"/>
        <line num="454" count="39" type="stmt"/>
        <line num="456" count="39" type="stmt"/>
        <line num="457" count="1" type="stmt"/>
        <line num="458" count="1" type="stmt"/>
        <line num="461" count="39" type="stmt"/>
        <line num="470" count="78" type="stmt"/>
        <line num="472" count="14" type="stmt"/>
      </file>
      <file name="landing-page.tsx" path="/Users/macbook/algo-trader/dashboard/src/pages/landing-page.tsx">
        <metrics statements="19" coveredstatements="19" conditionals="14" coveredconditionals="13" methods="11" coveredmethods="11"/>
        <line num="27" count="884" type="stmt"/>
        <line num="28" count="884" type="stmt"/>
        <line num="29" count="884" type="stmt"/>
        <line num="42" count="1" type="stmt"/>
        <line num="63" count="1" type="stmt"/>
        <line num="71" count="60" type="stmt"/>
        <line num="73" count="1" type="stmt"/>
        <line num="80" count="1" type="stmt"/>
        <line num="91" count="1" type="stmt"/>
        <line num="102" count="1" type="stmt"/>
        <line num="142" count="130" type="stmt"/>
        <line num="151" count="26" type="stmt"/>
        <line num="230" count="104" type="stmt"/>
        <line num="248" count="104" type="stmt"/>
        <line num="266" count="416" type="stmt"/>
        <line num="299" count="78" type="stmt"/>
        <line num="328" count="208" type="stmt"/>
        <line num="355" count="104" type="stmt"/>
        <line num="377" count="416" type="stmt"/>
      </file>
    </package>
  </project>
</coverage>
