{"/Users/macbook/algo-trader/dashboard/src/components/footer.tsx": {"path":"/Users/macbook/algo-trader/dashboard/src/components/footer.tsx","statementMap":{"0":{"start":{"line":8,"column":2},"end":{"line":74,"column":null}}},"fnMap":{"0":{"name":"Footer","decl":{"start":{"line":7,"column":16},"end":{"line":7,"column":25}},"loc":{"start":{"line":7,"column":25},"end":{"line":76,"column":null}},"line":7}},"branchMap":{},"s":{"0":0},"f":{"0":0},"b":{},"meta":{"lastBranch":0,"lastFunction":1,"lastStatement":1,"seen":{"f:7:16:7:25":0,"s:8:2:74:Infinity":0},"fnNames":{}}}
,"/Users/macbook/algo-trader/dashboard/src/components/public-navbar.tsx": {"path":"/Users/macbook/algo-trader/dashboard/src/components/public-navbar.tsx","statementMap":{"0":{"start":{"line":10,"column":30},"end":{"line":10,"column":null}},"1":{"start":{"line":11,"column":30},"end":{"line":11,"column":null}},"2":{"start":{"line":13,"column":2},"end":{"line":17,"column":null}},"3":{"start":{"line":14,"column":21},"end":{"line":14,"column":null}},"4":{"start":{"line":14,"column":27},"end":{"line":14,"column":null}},"5":{"start":{"line":15,"column":4},"end":{"line":15,"column":null}},"6":{"start":{"line":16,"column":4},"end":{"line":16,"column":null}},"7":{"start":{"line":16,"column":17},"end":{"line":16,"column":null}},"8":{"start":{"line":19,"column":20},"end":{"line":19,"column":null}},"9":{"start":{"line":20,"column":19},"end":{"line":20,"column":null}},"10":{"start":{"line":22,"column":2},"end":{"line":55,"column":null}},"11":{"start":{"line":40,"column":25},"end":{"line":40,"column":null}},"12":{"start":{"line":40,"column":44},"end":{"line":40,"column":46}},"13":{"start":{"line":49,"column":45},"end":{"line":49,"column":65}},"14":{"start":{"line":50,"column":42},"end":{"line":50,"column":62}},"15":{"start":{"line":51,"column":43},"end":{"line":51,"column":63}},"16":{"start":{"line":52,"column":44},"end":{"line":52,"column":64}}},"fnMap":{"0":{"name":"PublicNavbar","decl":{"start":{"line":9,"column":16},"end":{"line":9,"column":31}},"loc":{"start":{"line":9,"column":31},"end":{"line":57,"column":null}},"line":9},"1":{"name":"(anonymous_1)","decl":{"start":{"line":13,"column":12},"end":{"line":13,"column":18}},"loc":{"start":{"line":13,"column":18},"end":{"line":17,"column":5}},"line":13},"2":{"name":"(anonymous_2)","decl":{"start":{"line":14,"column":21},"end":{"line":14,"column":27}},"loc":{"start":{"line":14,"column":27},"end":{"line":14,"column":null}},"line":14},"3":{"name":"(anonymous_3)","decl":{"start":{"line":16,"column":11},"end":{"line":16,"column":17}},"loc":{"start":{"line":16,"column":17},"end":{"line":16,"column":null}},"line":16},"4":{"name":"(anonymous_4)","decl":{"start":{"line":40,"column":19},"end":{"line":40,"column":25}},"loc":{"start":{"line":40,"column":25},"end":{"line":40,"column":null}},"line":40},"5":{"name":"(anonymous_5)","decl":{"start":{"line":40,"column":37},"end":{"line":40,"column":38}},"loc":{"start":{"line":40,"column":44},"end":{"line":40,"column":46}},"line":40},"6":{"name":"(anonymous_6)","decl":{"start":{"line":49,"column":39},"end":{"line":49,"column":45}},"loc":{"start":{"line":49,"column":45},"end":{"line":49,"column":65}},"line":49},"7":{"name":"(anonymous_7)","decl":{"start":{"line":50,"column":36},"end":{"line":50,"column":42}},"loc":{"start":{"line":50,"column":42},"end":{"line":50,"column":62}},"line":50},"8":{"name":"(anonymous_8)","decl":{"start":{"line":51,"column":37},"end":{"line":51,"column":43}},"loc":{"start":{"line":51,"column":43},"end":{"line":51,"column":63}},"line":51},"9":{"name":"(anonymous_9)","decl":{"start":{"line":52,"column":38},"end":{"line":52,"column":44}},"loc":{"start":{"line":52,"column":44},"end":{"line":52,"column":64}},"line":52}},"branchMap":{"0":{"loc":{"start":{"line":24,"column":6},"end":{"line":24,"column":null}},"type":"cond-expr","locations":[{"start":{"line":24,"column":17},"end":{"line":24,"column":73}},{"start":{"line":24,"column":73},"end":{"line":24,"column":null}}],"line":24},"1":{"loc":{"start":{"line":43,"column":11},"end":{"line":43,"column":null}},"type":"cond-expr","locations":[{"start":{"line":43,"column":22},"end":{"line":43,"column":64}},{"start":{"line":43,"column":64},"end":{"line":43,"column":null}}],"line":43},"2":{"loc":{"start":{"line":47,"column":7},"end":{"line":53,"column":null}},"type":"binary-expr","locations":[{"start":{"line":47,"column":7},"end":{"line":47,"column":null}},{"start":{"line":48,"column":8},"end":{"line":53,"column":null}}],"line":47}},"s":{"0":0,"1":0,"2":0,"3":0,"4":0,"5":0,"6":0,"7":0,"8":0,"9":0,"10":0,"11":0,"12":0,"13":0,"14":0,"15":0,"16":0},"f":{"0":0,"1":0,"2":0,"3":0,"4":0,"5":0,"6":0,"7":0,"8":0,"9":0},"b":{"0":[0,0],"1":[0,0],"2":[0,0]},"meta":{"lastBranch":3,"lastFunction":10,"lastStatement":17,"seen":{"f:9:16:9:31":0,"s:10:30:10:Infinity":0,"s:11:30:11:Infinity":1,"s:13:2:17:Infinity":2,"f:13:12:13:18":1,"s:14:21:14:Infinity":3,"f:14:21:14:27":2,"s:14:27:14:Infinity":4,"s:15:4:15:Infinity":5,"s:16:4:16:Infinity":6,"f:16:11:16:17":3,"s:16:17:16:Infinity":7,"s:19:20:19:Infinity":8,"s:20:19:20:Infinity":9,"s:22:2:55:Infinity":10,"b:24:17:24:73:24:73:24:Infinity":0,"f:40:19:40:25":4,"s:40:25:40:Infinity":11,"f:40:37:40:38":5,"s:40:44:40:46":12,"b:43:22:43:64:43:64:43:Infinity":1,"b:47:7:47:Infinity:48:8:53:Infinity":2,"f:49:39:49:45":6,"s:49:45:49:65":13,"f:50:36:50:42":7,"s:50:42:50:62":14,"f:51:37:51:43":8,"s:51:43:51:63":15,"f:52:38:52:44":9,"s:52:44:52:64":16},"fnNames":{}}}
,"/Users/macbook/algo-trader/dashboard/src/lib/enterprise-plans.ts": {"path":"/Users/macbook/algo-trader/dashboard/src/lib/enterprise-plans.ts","statementMap":{"0":{"start":{"line":18,"column":75},"end":{"line":63,"column":null}}},"fnMap":{},"branchMap":{},"s":{"0":2},"f":{},"b":{},"meta":{"lastBranch":0,"lastFunction":0,"lastStatement":1,"seen":{"s:18:75:63:Infinity":0},"fnNames":{}}}
,"/Users/macbook/algo-trader/dashboard/src/lib/tier-config.ts": {"path":"/Users/macbook/algo-trader/dashboard/src/lib/tier-config.ts","statementMap":{"0":{"start":{"line":15,"column":53},"end":{"line":34,"column":null}},"1":{"start":{"line":38,"column":2},"end":{"line":38,"column":null}}},"fnMap":{"0":{"name":"getTierLimits","decl":{"start":{"line":37,"column":16},"end":{"line":37,"column":30}},"loc":{"start":{"line":37,"column":56},"end":{"line":39,"column":null}},"line":37}},"branchMap":{"0":{"loc":{"start":{"line":38,"column":9},"end":{"line":38,"column":null}},"type":"binary-expr","locations":[{"start":{"line":38,"column":9},"end":{"line":38,"column":38}},{"start":{"line":38,"column":38},"end":{"line":38,"column":null}}],"line":38}},"s":{"0":1,"1":0},"f":{"0":0},"b":{"0":[0,0]},"meta":{"lastBranch":1,"lastFunction":1,"lastStatement":2,"seen":{"s:15:53:34:Infinity":0,"f:37:16:37:30":0,"s:38:2:38:Infinity":1,"b:38:9:38:38:38:38:38:Infinity":0},"fnNames":{}}}
,"/Users/macbook/algo-trader/dashboard/src/pages/enterprise-page.tsx": {"path":"/Users/macbook/algo-trader/dashboard/src/pages/enterprise-page.tsx","statementMap":{"0":{"start":{"line":25,"column":26},"end":{"line":25,"column":null}},"1":{"start":{"line":26,"column":44},"end":{"line":29,"column":null}},"2":{"start":{"line":32,"column":8},"end":{"line":32,"column":null}},"3":{"start":{"line":33,"column":8},"end":{"line":33,"column":null}},"4":{"start":{"line":34,"column":2},"end":{"line":43,"column":null}},"5":{"start":{"line":48,"column":2},"end":{"line":51,"column":null}},"6":{"start":{"line":66,"column":2},"end":{"line":105,"column":null}},"7":{"start":{"line":88,"column":10},"end":{"line":91,"column":null}},"8":{"start":{"line":96,"column":23},"end":{"line":96,"column":null}},"9":{"start":{"line":109,"column":13},"end":{"line":126,"column":null}},"10":{"start":{"line":129,"column":2},"end":{"line":192,"column":null}},"11":{"start":{"line":153,"column":14},"end":{"line":153,"column":null}},"12":{"start":{"line":184,"column":14},"end":{"line":187,"column":null}},"13":{"start":{"line":197,"column":2},"end":{"line":197,"column":null}},"14":{"start":{"line":200,"column":2},"end":{"line":204,"column":null}},"15":{"start":{"line":209,"column":26},"end":{"line":216,"column":null}},"16":{"start":{"line":217,"column":32},"end":{"line":217,"column":null}},"17":{"start":{"line":218,"column":30},"end":{"line":218,"column":null}},"18":{"start":{"line":221,"column":4},"end":{"line":221,"column":null}},"19":{"start":{"line":221,"column":22},"end":{"line":221,"column":45}},"20":{"start":{"line":224,"column":8},"end":{"line":253,"column":null}},"21":{"start":{"line":225,"column":4},"end":{"line":225,"column":null}},"22":{"start":{"line":226,"column":4},"end":{"line":226,"column":null}},"23":{"start":{"line":227,"column":4},"end":{"line":227,"column":null}},"24":{"start":{"line":229,"column":4},"end":{"line":252,"column":null}},"25":{"start":{"line":230,"column":18},"end":{"line":241,"column":null}},"26":{"start":{"line":243,"column":6},"end":{"line":246,"column":null}},"27":{"start":{"line":244,"column":22},"end":{"line":244,"column":null}},"28":{"start":{"line":245,"column":8},"end":{"line":245,"column":null}},"29":{"start":{"line":248,"column":6},"end":{"line":248,"column":null}},"30":{"start":{"line":250,"column":6},"end":{"line":250,"column":null}},"31":{"start":{"line":251,"column":6},"end":{"line":251,"column":null}},"32":{"start":{"line":255,"column":2},"end":{"line":319,"column":null}},"33":{"start":{"line":256,"column":4},"end":{"line":317,"column":null}},"34":{"start":{"line":278,"column":16},"end":{"line":286,"column":null}},"35":{"start":{"line":321,"column":2},"end":{"line":429,"column":null}},"36":{"start":{"line":338,"column":33},"end":{"line":338,"column":55}},"37":{"start":{"line":344,"column":16},"end":{"line":356,"column":null}},"38":{"start":{"line":347,"column":33},"end":{"line":347,"column":null}},"39":{"start":{"line":365,"column":31},"end":{"line":365,"column":null}},"40":{"start":{"line":374,"column":31},"end":{"line":374,"column":null}},"41":{"start":{"line":383,"column":31},"end":{"line":383,"column":null}},"42":{"start":{"line":392,"column":31},"end":{"line":392,"column":null}},"43":{"start":{"line":396,"column":44},"end":{"line":396,"column":82}},"44":{"start":{"line":403,"column":31},"end":{"line":403,"column":null}},"45":{"start":{"line":433,"column":19},"end":{"line":450,"column":null}},"46":{"start":{"line":453,"column":32},"end":{"line":453,"column":null}},"47":{"start":{"line":454,"column":38},"end":{"line":454,"column":null}},"48":{"start":{"line":456,"column":8},"end":{"line":459,"column":null}},"49":{"start":{"line":457,"column":4},"end":{"line":457,"column":null}},"50":{"start":{"line":458,"column":4},"end":{"line":458,"column":null}},"51":{"start":{"line":461,"column":2},"end":{"line":494,"column":null}},"52":{"start":{"line":470,"column":14},"end":{"line":480,"column":null}},"53":{"start":{"line":472,"column":31},"end":{"line":472,"column":null}}},"fnMap":{"0":{"name":"FadeIn","decl":{"start":{"line":31,"column":9},"end":{"line":31,"column":16}},"loc":{"start":{"line":31,"column":124},"end":{"line":45,"column":null}},"line":31},"1":{"name":"CheckIcon","decl":{"start":{"line":47,"column":9},"end":{"line":47,"column":21}},"loc":{"start":{"line":47,"column":21},"end":{"line":53,"column":null}},"line":47},"2":{"name":"PlanCard","decl":{"start":{"line":55,"column":9},"end":{"line":55,"column":18}},"loc":{"start":{"line":65,"column":3},"end":{"line":107,"column":null}},"line":65},"3":{"name":"(anonymous_3)","decl":{"start":{"line":87,"column":27},"end":{"line":87,"column":28}},"loc":{"start":{"line":88,"column":10},"end":{"line":91,"column":null}},"line":88},"4":{"name":"(anonymous_4)","decl":{"start":{"line":96,"column":17},"end":{"line":96,"column":23}},"loc":{"start":{"line":96,"column":23},"end":{"line":96,"column":null}},"line":96},"5":{"name":"PricingTab","decl":{"start":{"line":128,"column":9},"end":{"line":128,"column":20}},"loc":{"start":{"line":128,"column":90},"end":{"line":194,"column":null}},"line":128},"6":{"name":"(anonymous_6)","decl":{"start":{"line":152,"column":12},"end":{"line":152,"column":13}},"loc":{"start":{"line":153,"column":14},"end":{"line":153,"column":null}},"line":153},"7":{"name":"(anonymous_7)","decl":{"start":{"line":183,"column":22},"end":{"line":183,"column":23}},"loc":{"start":{"line":184,"column":14},"end":{"line":187,"column":null}},"line":184},"8":{"name":"Field","decl":{"start":{"line":199,"column":9},"end":{"line":199,"column":15}},"loc":{"start":{"line":199,"column":108},"end":{"line":206,"column":null}},"line":199},"9":{"name":"ContactTab","decl":{"start":{"line":208,"column":9},"end":{"line":208,"column":20}},"loc":{"start":{"line":208,"column":73},"end":{"line":431,"column":null}},"line":208},"10":{"name":"set","decl":{"start":{"line":220,"column":11},"end":{"line":220,"column":15}},"loc":{"start":{"line":220,"column":53},"end":{"line":222,"column":null}},"line":220},"11":{"name":"(anonymous_11)","decl":{"start":{"line":221,"column":14},"end":{"line":221,"column":15}},"loc":{"start":{"line":221,"column":22},"end":{"line":221,"column":45}},"line":221},"12":{"name":"(anonymous_12)","decl":{"start":{"line":224,"column":35},"end":{"line":224,"column":42}},"loc":{"start":{"line":224,"column":65},"end":{"line":253,"column":5}},"line":224},"13":{"name":"(anonymous_13)","decl":{"start":{"line":277,"column":30},"end":{"line":277,"column":31}},"loc":{"start":{"line":278,"column":16},"end":{"line":286,"column":null}},"line":278},"14":{"name":"(anonymous_14)","decl":{"start":{"line":338,"column":24},"end":{"line":338,"column":25}},"loc":{"start":{"line":338,"column":31},"end":{"line":338,"column":58}},"line":338},"15":{"name":"(anonymous_15)","decl":{"start":{"line":343,"column":125},"end":{"line":343,"column":126}},"loc":{"start":{"line":344,"column":16},"end":{"line":356,"column":null}},"line":344},"16":{"name":"(anonymous_16)","decl":{"start":{"line":347,"column":27},"end":{"line":347,"column":33}},"loc":{"start":{"line":347,"column":33},"end":{"line":347,"column":null}},"line":347},"17":{"name":"(anonymous_17)","decl":{"start":{"line":365,"column":24},"end":{"line":365,"column":25}},"loc":{"start":{"line":365,"column":31},"end":{"line":365,"column":null}},"line":365},"18":{"name":"(anonymous_18)","decl":{"start":{"line":374,"column":24},"end":{"line":374,"column":25}},"loc":{"start":{"line":374,"column":31},"end":{"line":374,"column":null}},"line":374},"19":{"name":"(anonymous_19)","decl":{"start":{"line":383,"column":24},"end":{"line":383,"column":25}},"loc":{"start":{"line":383,"column":31},"end":{"line":383,"column":null}},"line":383},"20":{"name":"(anonymous_20)","decl":{"start":{"line":392,"column":24},"end":{"line":392,"column":25}},"loc":{"start":{"line":392,"column":31},"end":{"line":392,"column":null}},"line":392},"21":{"name":"(anonymous_21)","decl":{"start":{"line":396,"column":37},"end":{"line":396,"column":38}},"loc":{"start":{"line":396,"column":44},"end":{"line":396,"column":82}},"line":396},"22":{"name":"(anonymous_22)","decl":{"start":{"line":403,"column":24},"end":{"line":403,"column":25}},"loc":{"start":{"line":403,"column":31},"end":{"line":403,"column":null}},"line":403},"23":{"name":"EnterprisePage","decl":{"start":{"line":452,"column":16},"end":{"line":452,"column":33}},"loc":{"start":{"line":452,"column":33},"end":{"line":496,"column":null}},"line":452},"24":{"name":"(anonymous_24)","decl":{"start":{"line":456,"column":39},"end":{"line":456,"column":40}},"loc":{"start":{"line":456,"column":67},"end":{"line":459,"column":5}},"line":456},"25":{"name":"(anonymous_25)","decl":{"start":{"line":469,"column":22},"end":{"line":469,"column":23}},"loc":{"start":{"line":470,"column":14},"end":{"line":480,"column":null}},"line":470},"26":{"name":"(anonymous_26)","decl":{"start":{"line":472,"column":25},"end":{"line":472,"column":31}},"loc":{"start":{"line":472,"column":31},"end":{"line":472,"column":null}},"line":472}},"branchMap":{"0":{"loc":{"start":{"line":31,"column":28},"end":{"line":31,"column":39}},"type":"default-arg","locations":[{"start":{"line":31,"column":36},"end":{"line":31,"column":39}}],"line":31},"1":{"loc":{"start":{"line":31,"column":39},"end":{"line":31,"column":54}},"type":"default-arg","locations":[{"start":{"line":31,"column":51},"end":{"line":31,"column":54}}],"line":31},"2":{"loc":{"start":{"line":39,"column":15},"end":{"line":39,"column":null}},"type":"cond-expr","locations":[{"start":{"line":39,"column":24},"end":{"line":39,"column":47}},{"start":{"line":39,"column":47},"end":{"line":39,"column":null}}],"line":39},"3":{"loc":{"start":{"line":69,"column":8},"end":{"line":71,"column":null}},"type":"cond-expr","locations":[{"start":{"line":70,"column":12},"end":{"line":70,"column":null}},{"start":{"line":71,"column":12},"end":{"line":71,"column":null}}],"line":69},"4":{"loc":{"start":{"line":74,"column":7},"end":{"line":77,"column":null}},"type":"binary-expr","locations":[{"start":{"line":74,"column":7},"end":{"line":74,"column":null}},{"start":{"line":75,"column":8},"end":{"line":77,"column":null}}],"line":74},"5":{"loc":{"start":{"line":98,"column":10},"end":{"line":100,"column":null}},"type":"cond-expr","locations":[{"start":{"line":99,"column":14},"end":{"line":99,"column":null}},{"start":{"line":100,"column":14},"end":{"line":100,"column":null}}],"line":98},"6":{"loc":{"start":{"line":239,"column":20},"end":{"line":239,"column":null}},"type":"binary-expr","locations":[{"start":{"line":239,"column":20},"end":{"line":239,"column":39}},{"start":{"line":239,"column":39},"end":{"line":239,"column":null}}],"line":239},"7":{"loc":{"start":{"line":243,"column":6},"end":{"line":246,"column":null}},"type":"if","locations":[{"start":{"line":243,"column":6},"end":{"line":246,"column":null}},{"start":{},"end":{}}],"line":243},"8":{"loc":{"start":{"line":245,"column":24},"end":{"line":245,"column":70}},"type":"binary-expr","locations":[{"start":{"line":245,"column":24},"end":{"line":245,"column":38}},{"start":{"line":245,"column":38},"end":{"line":245,"column":70}}],"line":245},"9":{"loc":{"start":{"line":250,"column":18},"end":{"line":250,"column":96}},"type":"cond-expr","locations":[{"start":{"line":250,"column":41},"end":{"line":250,"column":55}},{"start":{"line":250,"column":55},"end":{"line":250,"column":96}}],"line":250},"10":{"loc":{"start":{"line":255,"column":2},"end":{"line":319,"column":null}},"type":"if","locations":[{"start":{"line":255,"column":2},"end":{"line":319,"column":null}},{"start":{},"end":{}}],"line":255},"11":{"loc":{"start":{"line":349,"column":20},"end":{"line":351,"column":null}},"type":"cond-expr","locations":[{"start":{"line":350,"column":24},"end":{"line":350,"column":null}},{"start":{"line":351,"column":24},"end":{"line":351,"column":null}}],"line":349},"12":{"loc":{"start":{"line":410,"column":11},"end":{"line":413,"column":null}},"type":"binary-expr","locations":[{"start":{"line":410,"column":11},"end":{"line":410,"column":null}},{"start":{"line":411,"column":12},"end":{"line":413,"column":null}}],"line":410},"13":{"loc":{"start":{"line":421,"column":13},"end":{"line":421,"column":null}},"type":"cond-expr","locations":[{"start":{"line":421,"column":42},"end":{"line":421,"column":57}},{"start":{"line":421,"column":57},"end":{"line":421,"column":null}}],"line":421},"14":{"loc":{"start":{"line":474,"column":18},"end":{"line":476,"column":null}},"type":"cond-expr","locations":[{"start":{"line":475,"column":22},"end":{"line":475,"column":null}},{"start":{"line":476,"column":22},"end":{"line":476,"column":null}}],"line":474},"15":{"loc":{"start":{"line":486,"column":9},"end":{"line":489,"column":null}},"type":"cond-expr","locations":[{"start":{"line":487,"column":10},"end":{"line":487,"column":null}},{"start":{"line":489,"column":10},"end":{"line":489,"column":null}}],"line":486}},"s":{"0":2,"1":2,"2":206,"3":206,"4":206,"5":500,"6":75,"7":500,"8":1,"9":2,"10":25,"11":75,"12":100,"13":2,"14":255,"15":55,"16":55,"17":55,"18":28,"19":28,"20":55,"21":7,"22":7,"23":7,"24":7,"25":7,"26":5,"27":1,"28":1,"29":4,"30":2,"31":2,"32":55,"33":4,"34":16,"35":51,"36":7,"37":153,"38":0,"39":7,"40":7,"41":7,"42":0,"43":255,"44":7,"45":2,"46":39,"47":39,"48":39,"49":1,"50":1,"51":39,"52":78,"53":14},"f":{"0":206,"1":500,"2":75,"3":500,"4":1,"5":25,"6":75,"7":100,"8":255,"9":55,"10":28,"11":28,"12":7,"13":16,"14":7,"15":153,"16":0,"17":7,"18":7,"19":7,"20":0,"21":255,"22":7,"23":39,"24":1,"25":78,"26":14},"b":{"0":[206],"1":[206],"2":[206,0],"3":[25,50],"4":[75,25],"5":[25,50],"6":[7,7],"7":[1,4],"8":[1,0],"9":[2,0],"10":[4,51],"11":[51,102],"12":[51,2],"13":[7,44],"14":[39,39],"15":[25,14]},"meta":{"lastBranch":16,"lastFunction":27,"lastStatement":54,"seen":{"s:25:26:25:Infinity":0,"s:26:44:29:Infinity":1,"f:31:9:31:16":0,"b:31:36:31:39":0,"b:31:51:31:54":1,"s:32:8:32:Infinity":2,"s:33:8:33:Infinity":3,"s:34:2:43:Infinity":4,"b:39:24:39:47:39:47:39:Infinity":2,"f:47:9:47:21":1,"s:48:2:51:Infinity":5,"f:55:9:55:18":2,"s:66:2:105:Infinity":6,"b:70:12:70:Infinity:71:12:71:Infinity":3,"b:74:7:74:Infinity:75:8:77:Infinity":4,"f:87:27:87:28":3,"s:88:10:91:Infinity":7,"f:96:17:96:23":4,"s:96:23:96:Infinity":8,"b:99:14:99:Infinity:100:14:100:Infinity":5,"s:109:13:126:Infinity":9,"f:128:9:128:20":5,"s:129:2:192:Infinity":10,"f:152:12:152:13":6,"s:153:14:153:Infinity":11,"f:183:22:183:23":7,"s:184:14:187:Infinity":12,"s:197:2:197:Infinity":13,"f:199:9:199:15":8,"s:200:2:204:Infinity":14,"f:208:9:208:20":9,"s:209:26:216:Infinity":15,"s:217:32:217:Infinity":16,"s:218:30:218:Infinity":17,"f:220:11:220:15":10,"s:221:4:221:Infinity":18,"f:221:14:221:15":11,"s:221:22:221:45":19,"s:224:8:253:Infinity":20,"f:224:35:224:42":12,"s:225:4:225:Infinity":21,"s:226:4:226:Infinity":22,"s:227:4:227:Infinity":23,"s:229:4:252:Infinity":24,"s:230:18:241:Infinity":25,"b:239:20:239:39:239:39:239:Infinity":6,"b:243:6:246:Infinity:undefined:undefined:undefined:undefined":7,"s:243:6:246:Infinity":26,"s:244:22:244:Infinity":27,"s:245:8:245:Infinity":28,"b:245:24:245:38:245:38:245:70":8,"s:248:6:248:Infinity":29,"s:250:6:250:Infinity":30,"b:250:41:250:55:250:55:250:96":9,"s:251:6:251:Infinity":31,"b:255:2:319:Infinity:undefined:undefined:undefined:undefined":10,"s:255:2:319:Infinity":32,"s:256:4:317:Infinity":33,"f:277:30:277:31":13,"s:278:16:286:Infinity":34,"s:321:2:429:Infinity":35,"f:338:24:338:25":14,"s:338:33:338:55":36,"f:343:125:343:126":15,"s:344:16:356:Infinity":37,"f:347:27:347:33":16,"s:347:33:347:Infinity":38,"b:350:24:350:Infinity:351:24:351:Infinity":11,"f:365:24:365:25":17,"s:365:31:365:Infinity":39,"f:374:24:374:25":18,"s:374:31:374:Infinity":40,"f:383:24:383:25":19,"s:383:31:383:Infinity":41,"f:392:24:392:25":20,"s:392:31:392:Infinity":42,"f:396:37:396:38":21,"s:396:44:396:82":43,"f:403:24:403:25":22,"s:403:31:403:Infinity":44,"b:410:11:410:Infinity:411:12:413:Infinity":12,"b:421:42:421:57:421:57:421:Infinity":13,"s:433:19:450:Infinity":45,"f:452:16:452:33":23,"s:453:32:453:Infinity":46,"s:454:38:454:Infinity":47,"s:456:8:459:Infinity":48,"f:456:39:456:40":24,"s:457:4:457:Infinity":49,"s:458:4:458:Infinity":50,"s:461:2:494:Infinity":51,"f:469:22:469:23":25,"s:470:14:480:Infinity":52,"f:472:25:472:31":26,"s:472:31:472:Infinity":53,"b:475:22:475:Infinity:476:22:476:Infinity":14,"b:487:10:487:Infinity:489:10:489:Infinity":15},"fnNames":{}}}
,"/Users/macbook/algo-trader/dashboard/src/pages/landing-page.tsx": {"path":"/Users/macbook/algo-trader/dashboard/src/pages/landing-page.tsx","statementMap":{"0":{"start":{"line":27,"column":8},"end":{"line":27,"column":null}},"1":{"start":{"line":28,"column":8},"end":{"line":28,"column":null}},"2":{"start":{"line":29,"column":2},"end":{"line":38,"column":null}},"3":{"start":{"line":42,"column":18},"end":{"line":61,"column":null}},"4":{"start":{"line":63,"column":14},"end":{"line":68,"column":null}},"5":{"start":{"line":71,"column":10},"end":{"line":71,"column":null}},"6":{"start":{"line":71,"column":25},"end":{"line":71,"column":null}},"7":{"start":{"line":73,"column":20},"end":{"line":78,"column":null}},"8":{"start":{"line":80,"column":21},"end":{"line":89,"column":null}},"9":{"start":{"line":91,"column":23},"end":{"line":100,"column":null}},"10":{"start":{"line":102,"column":22},"end":{"line":139,"column":null}},"11":{"start":{"line":142,"column":2},"end":{"line":146,"column":null}},"12":{"start":{"line":151,"column":2},"end":{"line":438,"column":null}},"13":{"start":{"line":230,"column":14},"end":{"line":236,"column":null}},"14":{"start":{"line":248,"column":16},"end":{"line":254,"column":null}},"15":{"start":{"line":266,"column":12},"end":{"line":271,"column":null}},"16":{"start":{"line":299,"column":12},"end":{"line":309,"column":null}},"17":{"start":{"line":328,"column":12},"end":{"line":336,"column":null}},"18":{"start":{"line":355,"column":12},"end":{"line":394,"column":null}},"19":{"start":{"line":377,"column":20},"end":{"line":380,"column":null}}},"fnMap":{"0":{"name":"FadeIn","decl":{"start":{"line":26,"column":9},"end":{"line":26,"column":16}},"loc":{"start":{"line":26,"column":124},"end":{"line":40,"column":null}},"line":26},"1":{"name":"(anonymous_1)","decl":{"start":{"line":71,"column":10},"end":{"line":71,"column":11}},"loc":{"start":{"line":71,"column":25},"end":{"line":71,"column":null}},"line":71},"2":{"name":"SectionEyebrow","decl":{"start":{"line":141,"column":9},"end":{"line":141,"column":24}},"loc":{"start":{"line":141,"column":69},"end":{"line":148,"column":null}},"line":141},"3":{"name":"LandingPage","decl":{"start":{"line":150,"column":16},"end":{"line":150,"column":30}},"loc":{"start":{"line":150,"column":30},"end":{"line":440,"column":null}},"line":150},"4":{"name":"(anonymous_4)","decl":{"start":{"line":229,"column":23},"end":{"line":229,"column":24}},"loc":{"start":{"line":230,"column":14},"end":{"line":236,"column":null}},"line":230},"5":{"name":"(anonymous_5)","decl":{"start":{"line":247,"column":31},"end":{"line":247,"column":32}},"loc":{"start":{"line":248,"column":16},"end":{"line":254,"column":null}},"line":248},"6":{"name":"(anonymous_6)","decl":{"start":{"line":265,"column":50},"end":{"line":265,"column":51}},"loc":{"start":{"line":266,"column":12},"end":{"line":271,"column":null}},"line":266},"7":{"name":"(anonymous_7)","decl":{"start":{"line":298,"column":25},"end":{"line":298,"column":26}},"loc":{"start":{"line":299,"column":12},"end":{"line":309,"column":null}},"line":299},"8":{"name":"(anonymous_8)","decl":{"start":{"line":327,"column":30},"end":{"line":327,"column":31}},"loc":{"start":{"line":328,"column":12},"end":{"line":336,"column":null}},"line":328},"9":{"name":"(anonymous_9)","decl":{"start":{"line":354,"column":29},"end":{"line":354,"column":30}},"loc":{"start":{"line":355,"column":12},"end":{"line":394,"column":null}},"line":355},"10":{"name":"(anonymous_10)","decl":{"start":{"line":376,"column":32},"end":{"line":376,"column":33}},"loc":{"start":{"line":377,"column":20},"end":{"line":380,"column":null}},"line":377}},"branchMap":{"0":{"loc":{"start":{"line":26,"column":28},"end":{"line":26,"column":39}},"type":"default-arg","locations":[{"start":{"line":26,"column":36},"end":{"line":26,"column":39}}],"line":26},"1":{"loc":{"start":{"line":26,"column":39},"end":{"line":26,"column":54}},"type":"default-arg","locations":[{"start":{"line":26,"column":51},"end":{"line":26,"column":54}}],"line":26},"2":{"loc":{"start":{"line":34,"column":15},"end":{"line":34,"column":null}},"type":"cond-expr","locations":[{"start":{"line":34,"column":24},"end":{"line":34,"column":47}},{"start":{"line":34,"column":47},"end":{"line":34,"column":null}}],"line":34},"3":{"loc":{"start":{"line":268,"column":75},"end":{"line":268,"column":112}},"type":"cond-expr","locations":[{"start":{"line":268,"column":85},"end":{"line":268,"column":101}},{"start":{"line":268,"column":101},"end":{"line":268,"column":112}}],"line":268},"4":{"loc":{"start":{"line":332,"column":78},"end":{"line":332,"column":110}},"type":"cond-expr","locations":[{"start":{"line":332,"column":83},"end":{"line":332,"column":99}},{"start":{"line":332,"column":99},"end":{"line":332,"column":110}}],"line":332},"5":{"loc":{"start":{"line":358,"column":18},"end":{"line":360,"column":null}},"type":"cond-expr","locations":[{"start":{"line":359,"column":22},"end":{"line":359,"column":null}},{"start":{"line":360,"column":22},"end":{"line":360,"column":null}}],"line":358},"6":{"loc":{"start":{"line":363,"column":17},"end":{"line":366,"column":null}},"type":"binary-expr","locations":[{"start":{"line":363,"column":17},"end":{"line":363,"column":null}},{"start":{"line":364,"column":18},"end":{"line":366,"column":null}}],"line":363},"7":{"loc":{"start":{"line":386,"column":20},"end":{"line":388,"column":null}},"type":"cond-expr","locations":[{"start":{"line":387,"column":24},"end":{"line":387,"column":null}},{"start":{"line":388,"column":24},"end":{"line":388,"column":null}}],"line":386}},"s":{"0":884,"1":884,"2":884,"3":1,"4":1,"5":1,"6":60,"7":1,"8":1,"9":1,"10":1,"11":130,"12":26,"13":104,"14":104,"15":416,"16":78,"17":208,"18":104,"19":416},"f":{"0":884,"1":60,"2":130,"3":26,"4":104,"5":104,"6":416,"7":78,"8":208,"9":104,"10":416},"b":{"0":[884],"1":[884],"2":[884,0],"3":[312,104],"4":[130,78],"5":[26,78],"6":[104,26],"7":[26,78]},"meta":{"lastBranch":8,"lastFunction":11,"lastStatement":20,"seen":{"f:26:9:26:16":0,"b:26:36:26:39":0,"b:26:51:26:54":1,"s:27:8:27:Infinity":0,"s:28:8:28:Infinity":1,"s:29:2:38:Infinity":2,"b:34:24:34:47:34:47:34:Infinity":2,"s:42:18:61:Infinity":3,"s:63:14:68:Infinity":4,"s:71:10:71:Infinity":5,"f:71:10:71:11":1,"s:71:25:71:Infinity":6,"s:73:20:78:Infinity":7,"s:80:21:89:Infinity":8,"s:91:23:100:Infinity":9,"s:102:22:139:Infinity":10,"f:141:9:141:24":2,"s:142:2:146:Infinity":11,"f:150:16:150:30":3,"s:151:2:438:Infinity":12,"f:229:23:229:24":4,"s:230:14:236:Infinity":13,"f:247:31:247:32":5,"s:248:16:254:Infinity":14,"f:265:50:265:51":6,"s:266:12:271:Infinity":15,"b:268:85:268:101:268:101:268:112":3,"f:298:25:298:26":7,"s:299:12:309:Infinity":16,"f:327:30:327:31":8,"s:328:12:336:Infinity":17,"b:332:83:332:99:332:99:332:110":4,"f:354:29:354:30":9,"s:355:12:394:Infinity":18,"b:359:22:359:Infinity:360:22:360:Infinity":5,"b:363:17:363:Infinity:364:18:366:Infinity":6,"f:376:32:376:33":10,"s:377:20:380:Infinity":19,"b:387:24:387:Infinity:388:24:388:Infinity":7},"fnNames":{}}}
}
